<?xml version="1.0" encoding="UTF-8"?>
<testsuite name="com.example.bloodpressurerecord.ui.history.TrendChartMathTest" tests="3" skipped="0" failures="0" errors="0" timestamp="2026-05-03T02:47:48" hostname="DESKTOP-E0VN8TS" time="0.008">
  <properties/>
  <testcase name="yRange_usesVisibleValuesWithPadding" classname="com.example.bloodpressurerecord.ui.history.TrendChartMathTest" time="0.006"/>
  <testcase name="axisLabels_singleDayShowsEveryVisiblePointWithTimeFirst" classname="com.example.bloodpressurerecord.ui.history.TrendChartMathTest" time="0.0"/>
  <testcase name="axisLabels_overviewSamplesDenseData" classname="com.example.bloodpressurerecord.ui.history.TrendChartMathTest" time="0.0"/>
  <system-out><![CDATA[]]></system-out>
  <system-err><![CDATA[]]></system-err>
</testsuite>
