<?xml version="1.0" encoding="UTF-8"?>
<testsuite name="com.example.bloodpressurerecord.domain.calculator.HighRiskJudgeTest" tests="2" skipped="0" failures="0" errors="0" timestamp="2026-05-03T02:47:48" hostname="DESKTOP-E0VN8TS" time="0.001">
  <properties/>
  <testcase name="未超过阈值不触发高风险" classname="com.example.bloodpressurerecord.domain.calculator.HighRiskJudgeTest" time="0.0"/>
  <testcase name="超过阈值触发高风险" classname="com.example.bloodpressurerecord.domain.calculator.HighRiskJudgeTest" time="0.001"/>
  <system-out><![CDATA[]]></system-out>
  <system-err><![CDATA[]]></system-err>
</testsuite>
