<?xml version="1.0" encoding="UTF-8"?>
<testsuite name="com.example.bloodpressurerecord.domain.calculator.AverageCalculatorTest" tests="2" skipped="0" failures="0" errors="0" timestamp="2026-04-25T08:16:30" hostname="DESKTOP-E0VN8TS" time="0.004">
  <properties/>
  <testcase name="calculate 返回平均收缩压舒张压和脉搏" classname="com.example.bloodpressurerecord.domain.calculator.AverageCalculatorTest" time="0.003"/>
  <testcase name="脉搏全部为空时平均脉搏为空" classname="com.example.bloodpressurerecord.domain.calculator.AverageCalculatorTest" time="0.0"/>
  <system-out><![CDATA[]]></system-out>
  <system-err><![CDATA[]]></system-err>
</testsuite>
