<?xml version="1.0" encoding="UTF-8"?>
<testsuite name="com.example.bloodpressurerecord.ui.history.TrendChartMathTest" tests="3" skipped="0" failures="0" errors="0" timestamp="2026-04-25T08:16:30" hostname="DESKTOP-E0VN8TS" time="0.009">
  <properties/>
  <testcase name="yRange_usesVisibleValuesWithPadding" classname="com.example.bloodpressurerecord.ui.history.TrendChartMathTest" time="0.007"/>
  <testcase name="axisLabels_singleDayShowsEveryVisiblePointWithTimeFirst" classname="com.example.bloodpressurerecord.ui.history.TrendChartMathTest" time="0.001"/>
  <testcase name="axisLabels_overviewSamplesDenseData" classname="com.example.bloodpressurerecord.ui.history.TrendChartMathTest" time="0.001"/>
  <system-out><![CDATA[]]></system-out>
  <system-err><![CDATA[]]></system-err>
</testsuite>
