<?xml version="1.0" encoding="UTF-8"?>
<testsuite name="com.example.bloodpressurerecord.ui.common.SessionFormLogicDynamicTest" tests="2" skipped="0" failures="0" errors="0" timestamp="2026-05-03T02:47:48" hostname="DESKTOP-E0VN8TS" time="0.011">
  <properties/>
  <testcase name="validate_dynamic_readings_success" classname="com.example.bloodpressurerecord.ui.common.SessionFormLogicDynamicTest" time="0.01"/>
  <testcase name="derive_dynamic_readings_average_and_category" classname="com.example.bloodpressurerecord.ui.common.SessionFormLogicDynamicTest" time="0.001"/>
  <system-out><![CDATA[]]></system-out>
  <system-err><![CDATA[]]></system-err>
</testsuite>
